FILE_TYPE=LIBRARY_PARTS;
PRIMITIVE 'SB10150TA','SB10150TA_Diodes, Axial Diameter Horizontal Mounting';
  PIN
    'K':
      PIN_NUMBER='(1)';
      NO_LOAD_CHECK=BOTH;
      NO_IO_CHECK=BOTH;
      ALLOW_CONNECT=TRUE;
      PINUSE='UNSPEC';
    'A':
      PIN_NUMBER='(2)';
      NO_LOAD_CHECK=BOTH;
      NO_IO_CHECK=BOTH;
      ALLOW_CONNECT=TRUE;
      PINUSE='UNSPEC';
  END_PIN;
  BODY
    PART_NAME='SB10150TA';
    PHYS_DES_PREFIX='D';
    NO_LOAD_CHECK='TRUE';
    PIN_COUNT='2';
    BODY_NAME='SB10150TA';
    JEDEC_TYPE='DIOAD3020W130L900D530';
  END_BODY;
END_PRIMITIVE;
END.
