FILE_TYPE=LIBRARY_PARTS;
PRIMITIVE 'GRM32ER71H475KA88L','GRM32ER71H475KA88L_Capacitor Chip Non-polarised';
  PIN
    '1':
      PIN_NUMBER='(1)';
      NO_LOAD_CHECK=BOTH;
      NO_IO_CHECK=BOTH;
      ALLOW_CONNECT=TRUE;
      PINUSE='UNSPEC';
    '2':
      PIN_NUMBER='(2)';
      NO_LOAD_CHECK=BOTH;
      NO_IO_CHECK=BOTH;
      ALLOW_CONNECT=TRUE;
      PINUSE='UNSPEC';
  END_PIN;
  BODY
    PART_NAME='GRM32ER71H475KA88L';
    PHYS_DES_PREFIX='C';
    NO_LOAD_CHECK='TRUE';
    PIN_COUNT='2';
    BODY_NAME='GRM32ER71H475KA88L';
    JEDEC_TYPE='CAPC3225X270N';
  END_BODY;
END_PRIMITIVE;
END.
